<?xml version="1.0" encoding="UTF-8"?>
<!-- Generated by org.testng.reporters.JUnitReportReporter -->
<testsuite hostname="DESKTOP-JNT5QQV" failures="0" tests="2" name="testCases.TC001_AccountRegestrationTest" time="10.333" errors="0" timestamp="2025-11-15T11:17:18 IST" skipped="0">
  <testcase classname="testCases.TC001_AccountRegestrationTest" name="verify_account_registration" time="6.906"/>
  <testcase classname="testCases.TC001_AccountRegestrationTest" name="verify_account_registration" time="3.427"/>
</testsuite> <!-- testCases.TC001_AccountRegestrationTest -->
