<?xml version="1.0" encoding="UTF-8"?>
<testng-results ignored="0" total="4" passed="4" failed="0" skipped="0">
  <reporter-output>
  </reporter-output>
  <suite started-at="2025-11-15T11:16:16 IST" name="Suite" finished-at="2025-11-15T11:17:16 IST" duration-ms="60924">
    <groups>
      <group name="Master">
        <method signature="TC001_AccountRegestrationTest.verify_account_registration()[pri:0, instance:testCases.TC001_AccountRegestrationTest@2a225dd7]" name="verify_account_registration" class="testCases.TC001_AccountRegestrationTest"/>
        <method signature="TC002_LoginTest.verify_Login()[pri:0, instance:testCases.TC002_LoginTest@616ac46a]" name="verify_Login" class="testCases.TC002_LoginTest"/>
        <method signature="TC001_AccountRegestrationTest.verify_account_registration()[pri:0, instance:testCases.TC001_AccountRegestrationTest@39d9314d]" name="verify_account_registration" class="testCases.TC001_AccountRegestrationTest"/>
        <method signature="TC002_LoginTest.verify_Login()[pri:0, instance:testCases.TC002_LoginTest@b978d10]" name="verify_Login" class="testCases.TC002_LoginTest"/>
      </group> <!-- Master -->
      <group name="Sanity">
        <method signature="TC002_LoginTest.verify_Login()[pri:0, instance:testCases.TC002_LoginTest@616ac46a]" name="verify_Login" class="testCases.TC002_LoginTest"/>
        <method signature="TC002_LoginTest.verify_Login()[pri:0, instance:testCases.TC002_LoginTest@b978d10]" name="verify_Login" class="testCases.TC002_LoginTest"/>
      </group> <!-- Sanity -->
      <group name="Regression">
        <method signature="TC001_AccountRegestrationTest.verify_account_registration()[pri:0, instance:testCases.TC001_AccountRegestrationTest@2a225dd7]" name="verify_account_registration" class="testCases.TC001_AccountRegestrationTest"/>
        <method signature="TC001_AccountRegestrationTest.verify_account_registration()[pri:0, instance:testCases.TC001_AccountRegestrationTest@39d9314d]" name="verify_account_registration" class="testCases.TC001_AccountRegestrationTest"/>
      </group> <!-- Regression -->
    </groups>
    <test started-at="2025-11-15T11:16:16 IST" name="chrometest" finished-at="2025-11-15T11:16:47 IST" duration-ms="31751">
      <class name="testCases.TC001_AccountRegestrationTest">
        <test-method is-config="true" signature="setup(java.lang.String,java.lang.String)[pri:0, instance:testCases.TC001_AccountRegestrationTest@2a225dd7]" started-at="2025-11-15T11:16:16 IST" name="setup" finished-at="2025-11-15T11:16:32 IST" duration-ms="15723" status="PASS">
          <params>
            <param index="0">
              <value>
                <![CDATA[Windows]]>
              </value>
            </param>
            <param index="1">
              <value>
                <![CDATA[chrome]]>
              </value>
            </param>
          </params>
          <reporter-output>
          </reporter-output>
        </test-method> <!-- setup -->
        <test-method signature="verify_account_registration()[pri:0, instance:testCases.TC001_AccountRegestrationTest@2a225dd7]" started-at="2025-11-15T11:16:32 IST" name="verify_account_registration" finished-at="2025-11-15T11:16:39 IST" duration-ms="6906" status="PASS">
          <reporter-output>
          </reporter-output>
        </test-method> <!-- verify_account_registration -->
        <test-method is-config="true" signature="teardown()[pri:0, instance:testCases.TC001_AccountRegestrationTest@2a225dd7]" started-at="2025-11-15T11:16:39 IST" name="teardown" finished-at="2025-11-15T11:16:39 IST" duration-ms="553" status="PASS">
          <reporter-output>
          </reporter-output>
        </test-method> <!-- teardown -->
      </class> <!-- testCases.TC001_AccountRegestrationTest -->
      <class name="testCases.TC002_LoginTest">
        <test-method is-config="true" signature="setup(java.lang.String,java.lang.String)[pri:0, instance:testCases.TC002_LoginTest@616ac46a]" started-at="2025-11-15T11:16:39 IST" name="setup" finished-at="2025-11-15T11:16:43 IST" duration-ms="3578" status="PASS">
          <params>
            <param index="0">
              <value>
                <![CDATA[Windows]]>
              </value>
            </param>
            <param index="1">
              <value>
                <![CDATA[chrome]]>
              </value>
            </param>
          </params>
          <reporter-output>
          </reporter-output>
        </test-method> <!-- setup -->
        <test-method signature="verify_Login()[pri:0, instance:testCases.TC002_LoginTest@616ac46a]" started-at="2025-11-15T11:16:43 IST" name="verify_Login" finished-at="2025-11-15T11:16:47 IST" duration-ms="3897" status="PASS">
          <reporter-output>
          </reporter-output>
        </test-method> <!-- verify_Login -->
        <test-method is-config="true" signature="teardown()[pri:0, instance:testCases.TC002_LoginTest@616ac46a]" started-at="2025-11-15T11:16:47 IST" name="teardown" finished-at="2025-11-15T11:16:47 IST" duration-ms="680" status="PASS">
          <reporter-output>
          </reporter-output>
        </test-method> <!-- teardown -->
      </class> <!-- testCases.TC002_LoginTest -->
    </test> <!-- chrometest -->
    <test started-at="2025-11-15T11:16:49 IST" name="firefoxtest" finished-at="2025-11-15T11:17:16 IST" duration-ms="27047">
      <class name="testCases.TC001_AccountRegestrationTest">
        <test-method is-config="true" signature="setup(java.lang.String,java.lang.String)[pri:0, instance:testCases.TC001_AccountRegestrationTest@39d9314d]" started-at="2025-11-15T11:16:49 IST" name="setup" finished-at="2025-11-15T11:16:58 IST" duration-ms="8397" status="PASS">
          <params>
            <param index="0">
              <value>
                <![CDATA[Windows]]>
              </value>
            </param>
            <param index="1">
              <value>
                <![CDATA[firefox]]>
              </value>
            </param>
          </params>
          <reporter-output>
          </reporter-output>
        </test-method> <!-- setup -->
        <test-method signature="verify_account_registration()[pri:0, instance:testCases.TC001_AccountRegestrationTest@39d9314d]" started-at="2025-11-15T11:16:58 IST" name="verify_account_registration" finished-at="2025-11-15T11:17:01 IST" duration-ms="3427" status="PASS">
          <reporter-output>
          </reporter-output>
        </test-method> <!-- verify_account_registration -->
        <test-method is-config="true" signature="teardown()[pri:0, instance:testCases.TC001_AccountRegestrationTest@39d9314d]" started-at="2025-11-15T11:17:01 IST" name="teardown" finished-at="2025-11-15T11:17:04 IST" duration-ms="2536" status="PASS">
          <reporter-output>
          </reporter-output>
        </test-method> <!-- teardown -->
      </class> <!-- testCases.TC001_AccountRegestrationTest -->
      <class name="testCases.TC002_LoginTest">
        <test-method is-config="true" signature="setup(java.lang.String,java.lang.String)[pri:0, instance:testCases.TC002_LoginTest@b978d10]" started-at="2025-11-15T11:17:04 IST" name="setup" finished-at="2025-11-15T11:17:12 IST" duration-ms="8249" status="PASS">
          <params>
            <param index="0">
              <value>
                <![CDATA[Windows]]>
              </value>
            </param>
            <param index="1">
              <value>
                <![CDATA[firefox]]>
              </value>
            </param>
          </params>
          <reporter-output>
          </reporter-output>
        </test-method> <!-- setup -->
        <test-method signature="verify_Login()[pri:0, instance:testCases.TC002_LoginTest@b978d10]" started-at="2025-11-15T11:17:12 IST" name="verify_Login" finished-at="2025-11-15T11:17:14 IST" duration-ms="1814" status="PASS">
          <reporter-output>
          </reporter-output>
        </test-method> <!-- verify_Login -->
        <test-method is-config="true" signature="teardown()[pri:0, instance:testCases.TC002_LoginTest@b978d10]" started-at="2025-11-15T11:17:14 IST" name="teardown" finished-at="2025-11-15T11:17:16 IST" duration-ms="2605" status="PASS">
          <reporter-output>
          </reporter-output>
        </test-method> <!-- teardown -->
      </class> <!-- testCases.TC002_LoginTest -->
    </test> <!-- firefoxtest -->
  </suite> <!-- Suite -->
</testng-results>
