<?xml version="1.0" encoding="UTF-8"?>
<testng-results ignored="0" total="2" passed="2" failed="0" skipped="0">
  <reporter-output>
  </reporter-output>
  <suite started-at="2025-11-15T10:28:05 IST" name="Suite" finished-at="2025-11-15T10:28:26 IST" duration-ms="20098">
    <groups>
      <group name="Master">
        <method signature="TC001_AccountRegestrationTest.verify_account_registration()[pri:0, instance:testCases.TC001_AccountRegestrationTest@ae3540e]" name="verify_account_registration" class="testCases.TC001_AccountRegestrationTest"/>
        <method signature="TC002_LoginTest.verify_Login()[pri:0, instance:testCases.TC002_LoginTest@457c9034]" name="verify_Login" class="testCases.TC002_LoginTest"/>
      </group> <!-- Master -->
      <group name="Sanity">
        <method signature="TC002_LoginTest.verify_Login()[pri:0, instance:testCases.TC002_LoginTest@457c9034]" name="verify_Login" class="testCases.TC002_LoginTest"/>
      </group> <!-- Sanity -->
      <group name="Regression">
        <method signature="TC001_AccountRegestrationTest.verify_account_registration()[pri:0, instance:testCases.TC001_AccountRegestrationTest@ae3540e]" name="verify_account_registration" class="testCases.TC001_AccountRegestrationTest"/>
      </group> <!-- Regression -->
    </groups>
    <test started-at="2025-11-15T10:28:05 IST" name="Linux-Chrome" finished-at="2025-11-15T10:28:26 IST" duration-ms="20098">
      <class name="testCases.TC001_AccountRegestrationTest">
        <test-method is-config="true" signature="setup(java.lang.String,java.lang.String)[pri:0, instance:testCases.TC001_AccountRegestrationTest@ae3540e]" started-at="2025-11-15T10:28:06 IST" name="setup" finished-at="2025-11-15T10:28:13 IST" duration-ms="7396" status="PASS">
          <params>
            <param index="0">
              <value>
                <![CDATA[Linux]]>
              </value>
            </param>
            <param index="1">
              <value>
                <![CDATA[chrome]]>
              </value>
            </param>
          </params>
          <reporter-output>
          </reporter-output>
        </test-method> <!-- setup -->
        <test-method signature="verify_account_registration()[pri:0, instance:testCases.TC001_AccountRegestrationTest@ae3540e]" started-at="2025-11-15T10:28:13 IST" name="verify_account_registration" finished-at="2025-11-15T10:28:18 IST" duration-ms="4378" status="PASS">
          <reporter-output>
          </reporter-output>
        </test-method> <!-- verify_account_registration -->
        <test-method is-config="true" signature="teardown()[pri:0, instance:testCases.TC001_AccountRegestrationTest@ae3540e]" started-at="2025-11-15T10:28:18 IST" name="teardown" finished-at="2025-11-15T10:28:18 IST" duration-ms="555" status="PASS">
          <reporter-output>
          </reporter-output>
        </test-method> <!-- teardown -->
      </class> <!-- testCases.TC001_AccountRegestrationTest -->
      <class name="testCases.TC002_LoginTest">
        <test-method is-config="true" signature="setup(java.lang.String,java.lang.String)[pri:0, instance:testCases.TC002_LoginTest@457c9034]" started-at="2025-11-15T10:28:18 IST" name="setup" finished-at="2025-11-15T10:28:22 IST" duration-ms="4064" status="PASS">
          <params>
            <param index="0">
              <value>
                <![CDATA[Linux]]>
              </value>
            </param>
            <param index="1">
              <value>
                <![CDATA[chrome]]>
              </value>
            </param>
          </params>
          <reporter-output>
          </reporter-output>
        </test-method> <!-- setup -->
        <test-method signature="verify_Login()[pri:0, instance:testCases.TC002_LoginTest@457c9034]" started-at="2025-11-15T10:28:22 IST" name="verify_Login" finished-at="2025-11-15T10:28:25 IST" duration-ms="2868" status="PASS">
          <reporter-output>
          </reporter-output>
        </test-method> <!-- verify_Login -->
        <test-method is-config="true" signature="teardown()[pri:0, instance:testCases.TC002_LoginTest@457c9034]" started-at="2025-11-15T10:28:25 IST" name="teardown" finished-at="2025-11-15T10:28:26 IST" duration-ms="363" status="PASS">
          <reporter-output>
          </reporter-output>
        </test-method> <!-- teardown -->
      </class> <!-- testCases.TC002_LoginTest -->
    </test> <!-- Linux-Chrome -->
  </suite> <!-- Suite -->
</testng-results>
